<?xml version="1.0" encoding="UTF-8"?>
<!-- Generated by org.testng.reporters.JUnitReportReporter -->
<testsuite hostname="LAPTOP-P9PJBISD" failures="0" tests="1" name="com.rahulShettyAcademy1.rahulshettyHomePage" time="8.666" errors="0" timestamp="2022-03-08T13:52:09 EST" skipped="0">
  <testcase classname="com.rahulShettyAcademy1.rahulshettyHomePage" name="firstTest" time="8.666"/>
  <system-out/>
</testsuite> <!-- com.rahulShettyAcademy1.rahulshettyHomePage -->
